2019-07-27 06:53:48,423 ERROR: Exception on /search [GET] [in /home/ayoyinka/Documents/flask/venv/lib/python3.7/site-packages/flask/app.py:1780]
Traceback (most recent call last):
  File "/home/ayoyinka/Documents/flask/venv/lib/python3.7/site-packages/flask/app.py", line 2311, in wsgi_app
    response = self.full_dispatch_request()
  File "/home/ayoyinka/Documents/flask/venv/lib/python3.7/site-packages/flask/app.py", line 1834, in full_dispatch_request
    rv = self.handle_user_exception(e)
  File "/home/ayoyinka/Documents/flask/venv/lib/python3.7/site-packages/flask/app.py", line 1737, in handle_user_exception
    reraise(exc_type, exc_value, tb)
  File "/home/ayoyinka/Documents/flask/venv/lib/python3.7/site-packages/flask/_compat.py", line 36, in reraise
    raise value
  File "/home/ayoyinka/Documents/flask/venv/lib/python3.7/site-packages/flask/app.py", line 1832, in full_dispatch_request
    rv = self.dispatch_request()
  File "/home/ayoyinka/Documents/flask/venv/lib/python3.7/site-packages/flask/app.py", line 1818, in dispatch_request
    return self.view_functions[rule.endpoint](**req.view_args)
  File "/home/ayoyinka/Documents/flask/venv/lib/python3.7/site-packages/flask_login/utils.py", line 261, in decorated_view
    return func(*args, **kwargs)
  File "/home/ayoyinka/Documents/flask/flasky/routes.py", line 192, in search
    return render_template('search.html', title=_('Search'), posts=posts, next_url=next_url, prev_url=prev_url)
  File "/home/ayoyinka/Documents/flask/venv/lib/python3.7/site-packages/flask/templating.py", line 134, in render_template
    return _render(ctx.app.jinja_env.get_or_select_template(template_name_or_list),
  File "/home/ayoyinka/Documents/flask/venv/lib/python3.7/site-packages/jinja2/environment.py", line 869, in get_or_select_template
    return self.get_template(template_name_or_list, parent, globals)
  File "/home/ayoyinka/Documents/flask/venv/lib/python3.7/site-packages/jinja2/environment.py", line 830, in get_template
    return self._load_template(name, self.make_globals(globals))
  File "/home/ayoyinka/Documents/flask/venv/lib/python3.7/site-packages/jinja2/environment.py", line 804, in _load_template
    template = self.loader.load(self, name, globals)
  File "/home/ayoyinka/Documents/flask/venv/lib/python3.7/site-packages/jinja2/loaders.py", line 125, in load
    code = environment.compile(source, name, filename)
  File "/home/ayoyinka/Documents/flask/venv/lib/python3.7/site-packages/jinja2/environment.py", line 591, in compile
    self.handle_exception(exc_info, source_hint=source_hint)
  File "/home/ayoyinka/Documents/flask/venv/lib/python3.7/site-packages/jinja2/environment.py", line 780, in handle_exception
    reraise(exc_type, exc_value, tb)
  File "/home/ayoyinka/Documents/flask/venv/lib/python3.7/site-packages/jinja2/_compat.py", line 37, in reraise
    raise value.with_traceback(tb)
  File "/home/ayoyinka/Documents/flask/flasky/templates/search.html", line 4, in template
    <h1>{{ _{'Search Results') }} </h1>
  File "/home/ayoyinka/Documents/flask/venv/lib/python3.7/site-packages/jinja2/environment.py", line 497, in _parse
    return Parser(self, source, name, encode_filename(filename)).parse()
  File "/home/ayoyinka/Documents/flask/venv/lib/python3.7/site-packages/jinja2/parser.py", line 901, in parse
    result = nodes.Template(self.subparse(), lineno=1)
  File "/home/ayoyinka/Documents/flask/venv/lib/python3.7/site-packages/jinja2/parser.py", line 883, in subparse
    rv = self.parse_statement()
  File "/home/ayoyinka/Documents/flask/venv/lib/python3.7/site-packages/jinja2/parser.py", line 130, in parse_statement
    return getattr(self, 'parse_' + self.stream.current.value)()
  File "/home/ayoyinka/Documents/flask/venv/lib/python3.7/site-packages/jinja2/parser.py", line 268, in parse_block
    node.body = self.parse_statements(('name:endblock',), drop_needle=True)
  File "/home/ayoyinka/Documents/flask/venv/lib/python3.7/site-packages/jinja2/parser.py", line 165, in parse_statements
    result = self.subparse(end_tokens)
  File "/home/ayoyinka/Documents/flask/venv/lib/python3.7/site-packages/jinja2/parser.py", line 876, in subparse
    self.stream.expect('variable_end')
  File "/home/ayoyinka/Documents/flask/venv/lib/python3.7/site-packages/jinja2/lexer.py", line 384, in expect
    self.name, self.filename)
jinja2.exceptions.TemplateSyntaxError: expected token 'end of print statement', got '{'
2019-07-27 06:57:00,224 INFO: Microblog startup [in /home/ayoyinka/Documents/flask/flasky/__init__.py:55]
2019-07-30 10:46:05,231 INFO: Microblog startup [in /home/ayoyinka/Documents/flask/flasky/__init__.py:55]
2019-07-30 10:55:21,622 INFO: Microblog startup [in /home/ayoyinka/Documents/flask/flasky/__init__.py:55]
2019-07-30 10:56:41,174 INFO: Microblog startup [in /home/ayoyinka/Documents/flask/flasky/__init__.py:55]
2019-07-30 10:57:37,006 INFO: Microblog startup [in /home/ayoyinka/Documents/flask/flasky/__init__.py:55]
